[2024-11-12 18:47:51,941] [INFO] All videos processed.
[2024-11-12 18:48:51,126] [INFO] All videos processed.
[2024-11-12 18:49:17,439] [INFO] All videos processed.
[2024-11-12 19:19:06,946] [INFO] No Video files found in the input path C:\addtimevideo\temp_input\186155-24 (186155) Duck Donald
[2024-11-12 19:19:06,954] [INFO] All videos processed.
[2024-11-12 19:31:50,525] [INFO] Processing video: C:\addtimevideo\temp_input\186155-24 (186155) Duck Donald\20241027_163354_MVI_1399.MP4
[2024-11-12 19:31:55,162] [INFO] Vidio saved to : C:\addtimevideo\addTimeStamp\186155-24 (186155) Duck Donald\20241027_163354_MVI_1399.MP4
[2024-11-12 19:31:55,165] [INFO] Processing video: C:\addtimevideo\temp_input\186155-24 (186155) Duck Donald\20241027_163411_MVI_1400.MP4
[2024-11-12 19:31:57,485] [INFO] Vidio saved to : C:\addtimevideo\addTimeStamp\186155-24 (186155) Duck Donald\20241027_163411_MVI_1400.MP4
[2024-11-12 19:31:57,487] [INFO] Processing video: C:\addtimevideo\temp_input\186155-24 (186155) Duck Donald\20241027_163424_MVI_1401.MP4
[2024-11-12 19:32:00,019] [INFO] Vidio saved to : C:\addtimevideo\addTimeStamp\186155-24 (186155) Duck Donald\20241027_163424_MVI_1401.MP4
[2024-11-12 19:32:00,022] [INFO] Processing video: C:\addtimevideo\temp_input\186155-24 (186155) Duck Donald\20241027_163432_MVI_1402.MP4
[2024-11-12 19:32:02,292] [INFO] Vidio saved to : C:\addtimevideo\addTimeStamp\186155-24 (186155) Duck Donald\20241027_163432_MVI_1402.MP4
[2024-11-12 19:32:02,294] [INFO] Processing video: C:\addtimevideo\temp_input\186155-24 (186155) Duck Donald\20241027_163444_MVI_1403.MP4
[2024-11-12 19:32:04,738] [INFO] Vidio saved to : C:\addtimevideo\addTimeStamp\186155-24 (186155) Duck Donald\20241027_163444_MVI_1403.MP4
[2024-11-12 19:32:04,740] [INFO] Processing video: C:\addtimevideo\temp_input\186155-24 (186155) Duck Donald\20241028_165117_MVI_1415.MP4
[2024-11-12 19:32:11,895] [INFO] Vidio saved to : C:\addtimevideo\addTimeStamp\186155-24 (186155) Duck Donald\20241028_165117_MVI_1415.MP4
[2024-11-12 19:32:11,901] [INFO] Processing video: C:\addtimevideo\temp_input\186155-24 (186155) Duck Donald\20241028_165203_MVI_1416.MP4
[2024-11-12 19:32:24,366] [INFO] Vidio saved to : C:\addtimevideo\addTimeStamp\186155-24 (186155) Duck Donald\20241028_165203_MVI_1416.MP4
[2024-11-12 19:32:24,376] [INFO] Processing video: C:\addtimevideo\temp_input\186155-24 (186155) Duck Donald\20241028_165221_MVI_1421.MP4
[2024-11-12 19:32:26,632] [INFO] Vidio saved to : C:\addtimevideo\addTimeStamp\186155-24 (186155) Duck Donald\20241028_165221_MVI_1421.MP4
[2024-11-12 19:32:26,634] [INFO] Processing video: C:\addtimevideo\temp_input\186155-24 (186155) Duck Donald\20241028_165235_MVI_1422.MP4
[2024-11-12 19:32:28,919] [INFO] Vidio saved to : C:\addtimevideo\addTimeStamp\186155-24 (186155) Duck Donald\20241028_165235_MVI_1422.MP4
[2024-11-12 19:32:28,921] [INFO] Processing video: C:\addtimevideo\temp_input\189156-24 (189448) Garcia Tobar Jarol\20241027_163456_MVI_1404.MP4
[2024-11-12 19:32:31,347] [INFO] Vidio saved to : C:\addtimevideo\addTimeStamp\189156-24 (189448) Garcia Tobar Jarol\20241027_163456_MVI_1404.MP4
[2024-11-12 19:32:31,349] [INFO] Processing video: C:\addtimevideo\temp_input\189156-24 (189448) Garcia Tobar Jarol\20241027_163515_MVI_1405.MP4
[2024-11-12 19:32:33,748] [INFO] Vidio saved to : C:\addtimevideo\addTimeStamp\189156-24 (189448) Garcia Tobar Jarol\20241027_163515_MVI_1405.MP4
[2024-11-12 19:32:33,750] [INFO] Processing video: C:\addtimevideo\temp_input\189156-24 (189448) Garcia Tobar Jarol\20241027_164715_MVI_1407.MP4
[2024-11-12 19:32:36,294] [INFO] Vidio saved to : C:\addtimevideo\addTimeStamp\189156-24 (189448) Garcia Tobar Jarol\20241027_164715_MVI_1407.MP4
[2024-11-12 19:32:36,296] [INFO] Processing video: C:\addtimevideo\temp_input\189156-24 (189448) Garcia Tobar Jarol\20241028_000422_MVI_1408.MP4
[2024-11-12 19:32:38,758] [INFO] Vidio saved to : C:\addtimevideo\addTimeStamp\189156-24 (189448) Garcia Tobar Jarol\20241028_000422_MVI_1408.MP4
[2024-11-12 19:32:38,761] [INFO] Processing video: C:\addtimevideo\temp_input\189156-24 (189448) Garcia Tobar Jarol\20241028_164915_MVI_1409.MP4
[2024-11-12 19:32:41,073] [INFO] Vidio saved to : C:\addtimevideo\addTimeStamp\189156-24 (189448) Garcia Tobar Jarol\20241028_164915_MVI_1409.MP4
[2024-11-12 19:32:41,076] [INFO] Processing video: C:\addtimevideo\temp_input\189156-24 (189448) Garcia Tobar Jarol\20241028_164938_MVI_1410.MP4
[2024-11-12 19:32:43,396] [INFO] Vidio saved to : C:\addtimevideo\addTimeStamp\189156-24 (189448) Garcia Tobar Jarol\20241028_164938_MVI_1410.MP4
[2024-11-12 19:32:43,399] [INFO] Processing video: C:\addtimevideo\temp_input\189156-24 (189448) Garcia Tobar Jarol\20241028_165008_MVI_1411.MP4
[2024-11-12 19:32:45,586] [INFO] Vidio saved to : C:\addtimevideo\addTimeStamp\189156-24 (189448) Garcia Tobar Jarol\20241028_165008_MVI_1411.MP4
[2024-11-12 19:32:45,589] [INFO] Processing video: C:\addtimevideo\temp_input\189156-24 (189448) Garcia Tobar Jarol\20241028_165023_MVI_1412.MP4
[2024-11-12 19:32:47,751] [INFO] Vidio saved to : C:\addtimevideo\addTimeStamp\189156-24 (189448) Garcia Tobar Jarol\20241028_165023_MVI_1412.MP4
[2024-11-12 19:32:47,755] [INFO] Processing video: C:\addtimevideo\temp_input\189156-24 (189448) Garcia Tobar Jarol\20241028_165037_MVI_1413.MP4
[2024-11-12 19:32:50,053] [INFO] Vidio saved to : C:\addtimevideo\addTimeStamp\189156-24 (189448) Garcia Tobar Jarol\20241028_165037_MVI_1413.MP4
[2024-11-12 19:32:50,056] [INFO] Processing video: C:\addtimevideo\temp_input\189156-24 (189448) Garcia Tobar Jarol\20241028_165049_MVI_1414.MP4
[2024-11-12 19:32:52,467] [INFO] Vidio saved to : C:\addtimevideo\addTimeStamp\189156-24 (189448) Garcia Tobar Jarol\20241028_165049_MVI_1414.MP4
[2024-11-12 19:32:52,470] [INFO] All videos processed.
[2024-11-12 19:35:50,554] [INFO] No Video files found in the input path C:\addtimevideo\temp_input\186155-24 (186155) Duck Donald
[2024-11-12 19:35:50,563] [INFO] No Video files found in the input path C:\addtimevideo\temp_input\189156-24 (189448) Garcia Tobar Jarol
[2024-11-12 19:35:50,563] [INFO] All videos processed.
